::1 - - [20/Jan/2020:19:12:05 +0100] "GET /phpmyadmin HTTP/1.1" 301 241
::1 - - [20/Jan/2020:19:12:06 +0100] "GET /phpmyadmin/themes/dot.gif HTTP/1.1" 200 43
::1 - - [20/Jan/2020:19:12:05 +0100] "GET /phpmyadmin/ HTTP/1.1" 200 8036
::1 - - [20/Jan/2020:19:12:06 +0100] "GET /phpmyadmin/themes/pmahomme/img/logo_right.png HTTP/1.1" 200 4548
::1 - - [20/Jan/2020:19:12:06 +0100] "GET /phpmyadmin/themes/pmahomme/jquery/jquery-ui-1.9.2.custom.css HTTP/1.1" 200 32739
::1 - - [20/Jan/2020:19:12:06 +0100] "GET /phpmyadmin/js/get_image.js.php?theme=pmahomme HTTP/1.1" 200 6364
::1 - - [20/Jan/2020:19:12:06 +0100] "GET /phpmyadmin/js/get_scripts.js.php?scripts[]=jquery/jquery-1.8.3.js&scripts[]=ajax.js&scripts[]=keyhandler.js&scripts[]=jquery/jquery-ui-1.9.2.custom.js&scripts[]=jquery/jquery.sprintf.js&scripts[]=jquery/jquery.cookie.js&scripts[]=jquery/jquery.mousewheel.js&scripts[]=jquery/jquery.event.drag-2.2.js&scripts[]=jquery/jquery-ui-timepicker-addon.js&scripts[]=jquery/jquery.ba-hashchange-1.3.js&scripts[]=jquery/jquery.debounce-1.0.5.js&scripts[]=jquery/jquery.menuResizer-1.0.js&scripts[]=rte.js&scripts[]=functions.js&scripts[]=navigation.js&scripts[]=indexes.js&scripts[]=common.js&scripts[]=codemirror/lib/codemirror.js&scripts[]=codemirror/mode/mysql/mysql.js HTTP/1.1" 200 578621
::1 - - [20/Jan/2020:19:12:06 +0100] "GET /phpmyadmin/phpmyadmin.css.php?server=1&token=fa739e5710d883859806125fa6b94cd1&nocache=4736041107ltr HTTP/1.1" 200 92653
::1 - - [20/Jan/2020:19:12:06 +0100] "GET /phpmyadmin/js/messages.php?lang=es&db=&server=0&token=b1816f3b054b55f120fb6037da946fd0 HTTP/1.1" 200 18338
::1 - - [20/Jan/2020:19:12:06 +0100] "GET /phpmyadmin/themes/pmahomme/img/sprites.png HTTP/1.1" 200 61899
::1 - - [20/Jan/2020:19:12:26 +0100] "POST /phpmyadmin/index.php HTTP/1.1" 302 -
::1 - - [20/Jan/2020:19:12:26 +0100] "GET /phpmyadmin/themes/pmahomme/img/ajax_clock_small.gif HTTP/1.1" 200 1810
::1 - - [20/Jan/2020:19:12:26 +0100] "GET /phpmyadmin/themes/pmahomme/img/logo_left.png HTTP/1.1" 200 2327
::1 - - [20/Jan/2020:19:12:26 +0100] "GET /phpmyadmin/index.php?token=fa739e5710d883859806125fa6b94cd1 HTTP/1.1" 200 49485
::1 - - [20/Jan/2020:19:12:26 +0100] "GET /phpmyadmin/js/messages.php?lang=es&db=&server=0&token=fa739e5710d883859806125fa6b94cd1 HTTP/1.1" 200 18338
::1 - - [20/Jan/2020:19:12:26 +0100] "GET /phpmyadmin/phpmyadmin.css.php?server=1&token=fa739e5710d883859806125fa6b94cd1&nocache=6315585053ltr HTTP/1.1" 200 92653
::1 - - [20/Jan/2020:19:12:27 +0100] "GET /phpmyadmin/themes/pmahomme/img/left_nav_bg.png HTTP/1.1" 200 297
::1 - - [20/Jan/2020:19:12:27 +0100] "GET /phpmyadmin/version_check.php?&_nocache=1579543947181202234 HTTP/1.1" 200 39
::1 - - [20/Jan/2020:19:13:04 +0100] "GET /phpmyadmin/db_structure.php?server=1&db=pildora&token=fa739e5710d883859806125fa6b94cd1&ajax_request=true&ajax_page_request=true&menuHashes=0918a7df&_nocache=1579543984517559376 HTTP/1.1" 200 27150
::1 - - [20/Jan/2020:19:13:04 +0100] "GET /phpmyadmin/themes/pmahomme/img/arrow_ltr.png HTTP/1.1" 200 139
::1 - - [20/Jan/2020:19:13:04 +0100] "GET /phpmyadmin/js/get_scripts.js.php?scripts[]=db_structure.js&scripts[]=tbl_change.js HTTP/1.1" 200 12382
::1 - - [20/Jan/2020:19:13:06 +0100] "GET /phpmyadmin/db_sql.php?db=pildora&token=fa739e5710d883859806125fa6b94cd1&db_query_force=1&ajax_request=true&ajax_page_request=true&menuHashes=0918a7df-6444c96d&_nocache=1579543986725887233 HTTP/1.1" 200 7180
::1 - - [20/Jan/2020:19:13:06 +0100] "GET /phpmyadmin/js/get_scripts.js.php?scripts[]=makegrid.js&scripts[]=sql.js HTTP/1.1" 200 35099
::1 - - [20/Jan/2020:19:13:08 +0100] "GET /phpmyadmin/db_structure.php?db=pildora&token=fa739e5710d883859806125fa6b94cd1&ajax_request=true&ajax_page_request=true&menuHashes=0918a7df-6444c96d-da7aaa5b&_nocache=1579543988217341452 HTTP/1.1" 200 23988
::1 - - [20/Jan/2020:19:13:15 +0100] "GET /phpmyadmin/db_structure.php?server=1&db=pildora&token=fa739e5710d883859806125fa6b94cd1&ajax_request=true&ajax_page_request=true&menuHashes=0918a7df-6444c96d-da7aaa5b&_nocache=1579543995861117400 HTTP/1.1" 200 23990
::1 - - [20/Jan/2020:19:13:17 +0100] "GET /phpmyadmin/index.php?token=fa739e5710d883859806125fa6b94cd1&ajax_request=true&ajax_page_request=true&menuHashes=0918a7df-6444c96d-da7aaa5b&_nocache=1579543997772589310 HTTP/1.1" 200 42713
::1 - - [20/Jan/2020:19:13:17 +0100] "GET /phpmyadmin/version_check.php?&_nocache=1579543997912542075 HTTP/1.1" 200 39
::1 - - [20/Jan/2020:19:13:22 +0100] "GET /phpmyadmin/server_databases.php?db=&token=fa739e5710d883859806125fa6b94cd1&ajax_request=true&ajax_page_request=true&menuHashes=0918a7df-6444c96d-da7aaa5b&_nocache=157954400201951558 HTTP/1.1" 200 42311
::1 - - [20/Jan/2020:19:13:22 +0100] "GET /phpmyadmin/js/get_scripts.js.php?scripts[]=server_databases.js HTTP/1.1" 200 1818
::1 - - [20/Jan/2020:19:13:30 +0100] "GET /phpmyadmin/themes/pmahomme/jquery/images/ui-bg_highlight-soft_75_cccccc_1x100.png HTTP/1.1" 200 101
::1 - - [20/Jan/2020:19:13:30 +0100] "GET /phpmyadmin/themes/pmahomme/jquery/images/ui-bg_flat_0_aaaaaa_40x100.png HTTP/1.1" 200 180
::1 - - [20/Jan/2020:19:13:30 +0100] "GET /phpmyadmin/themes/pmahomme/jquery/images/ui-icons_222222_256x240.png HTTP/1.1" 200 4369
::1 - - [20/Jan/2020:19:13:30 +0100] "GET /phpmyadmin/themes/pmahomme/jquery/images/ui-bg_flat_75_ffffff_40x100.png HTTP/1.1" 200 178
::1 - - [20/Jan/2020:19:13:30 +0100] "GET /phpmyadmin/themes/pmahomme/jquery/images/ui-bg_glass_75_dadada_1x400.png HTTP/1.1" 200 159
::1 - - [20/Jan/2020:19:13:30 +0100] "GET /phpmyadmin/themes/pmahomme/jquery/images/ui-bg_glass_75_e6e6e6_1x400.png HTTP/1.1" 200 110
::1 - - [20/Jan/2020:19:13:31 +0100] "GET /phpmyadmin/themes/pmahomme/jquery/images/ui-bg_glass_65_ffffff_1x400.png HTTP/1.1" 200 105
::1 - - [20/Jan/2020:19:13:31 +0100] "POST /phpmyadmin/server_databases.php?pos=0&dbstats=0&sort_by=SCHEMA_NAME&sort_order=asc&drop_selected_dbs=1&token=fa739e5710d883859806125fa6b94cd1&selected_dbs%5B%5D=pildora&selected_dbs%5B%5D=test&selected_dbs%5B%5D=test_login&drop_selected_dbs=1&is_js_confirmed=1&ajax_request=true HTTP/1.1" 200 190
::1 - - [20/Jan/2020:19:13:31 +0100] "POST /phpmyadmin/navigation.php?ajax_request=1&token=fa739e5710d883859806125fa6b94cd1 HTTP/1.1" 200 689
::1 - - [20/Jan/2020:19:14:28 +0100] "POST /phpmyadmin/db_create.php HTTP/1.1" 200 3213
::1 - - [20/Jan/2020:19:14:28 +0100] "POST /phpmyadmin/navigation.php?ajax_request=1&token=fa739e5710d883859806125fa6b94cd1 HTTP/1.1" 200 1310
::1 - - [20/Jan/2020:19:14:32 +0100] "GET /phpmyadmin/version_check.php?&_nocache=1579544072338553838 HTTP/1.1" 200 39
::1 - - [20/Jan/2020:19:15:09 +0100] "GET /phpmyadmin/db_structure.php?server=1&db=pildora&token=fa739e5710d883859806125fa6b94cd1&ajax_request=true&ajax_page_request=true&menuHashes=0918a7df-6444c96d-da7aaa5b-6dee531d&_nocache=1579544109142715197 HTTP/1.1" 200 2514
::1 - - [20/Jan/2020:19:15:30 +0100] "GET /phpmyadmin/index.php?token=fa739e5710d883859806125fa6b94cd1&ajax_request=true&ajax_page_request=true&menuHashes=0918a7df-6444c96d-da7aaa5b-6dee531d&_nocache=1579544130493970307 HTTP/1.1" 200 42713
::1 - - [20/Jan/2020:19:15:30 +0100] "GET /phpmyadmin/version_check.php?&_nocache=1579544130631802649 HTTP/1.1" 200 39
::1 - - [20/Jan/2020:19:15:33 +0100] "GET /phpmyadmin/server_databases.php?db=&token=fa739e5710d883859806125fa6b94cd1&ajax_request=true&ajax_page_request=true&menuHashes=0918a7df-6444c96d-da7aaa5b-6dee531d&_nocache=1579544133332856517 HTTP/1.1" 200 37904
::1 - - [20/Jan/2020:19:15:36 +0100] "POST /phpmyadmin/server_databases.php?pos=0&dbstats=0&sort_by=SCHEMA_NAME&sort_order=asc&drop_selected_dbs=1&token=fa739e5710d883859806125fa6b94cd1&selected_dbs%5B%5D=pildora&drop_selected_dbs=1&is_js_confirmed=1&ajax_request=true HTTP/1.1" 200 190
::1 - - [20/Jan/2020:19:15:36 +0100] "POST /phpmyadmin/navigation.php?ajax_request=1&token=fa739e5710d883859806125fa6b94cd1 HTTP/1.1" 200 689
::1 - - [20/Jan/2020:19:15:37 +0100] "GET /phpmyadmin/db_structure.php?token=fa739e5710d883859806125fa6b94cd1&db=chalenele&ajax_request=true&ajax_page_request=true&menuHashes=0918a7df-6444c96d-da7aaa5b-6dee531d&_nocache=1579544137190959410 HTTP/1.1" 200 21429
::1 - - [20/Jan/2020:19:15:44 +0100] "POST /phpmyadmin/tbl_create.php HTTP/1.1" 200 204047
::1 - - [20/Jan/2020:19:15:44 +0100] "GET /phpmyadmin/index.php?ajax_request=1&recent_table=1&token=fa739e5710d883859806125fa6b94cd1 HTTP/1.1" 200 213
::1 - - [20/Jan/2020:19:15:52 +0100] "POST /phpmyadmin/tbl_create.php HTTP/1.1" 200 158848
::1 - - [20/Jan/2020:19:31:20 +0100] "GET /phpmyadmin/navigation.php?ajax_request=1&token=fa739e5710d883859806125fa6b94cd1&aPath=cm9vdA%3D%3D.Y2hhbGVuZWxl&vPath=cm9vdA%3D%3D.Y2hhbGVuZWxl&pos=0&pos2_name=&pos2_value=&searchClause=&searchClause2=&_nocache=1579545060416867622 HTTP/1.1" 200 3647
::1 - - [20/Jan/2020:19:31:20 +0100] "GET /phpmyadmin/navigation.php?ajax_request=1&token=fa739e5710d883859806125fa6b94cd1&aPath=cm9vdA%3D%3D.Y2hhbGVuZWxl&vPath=cm9vdA%3D%3D.Y2hhbGVuZWxl&pos=0&pos2_name=&pos2_value=&searchClause=&searchClause2=&_nocache=1579545080003159840 HTTP/1.1" 200 3647
::1 - - [20/Jan/2020:19:58:45 +0100] "POST /phpmyadmin/tbl_create.php HTTP/1.1" 200 342
::1 - - [20/Jan/2020:19:58:50 +0100] "GET /phpmyadmin/themes/pmahomme/jquery/jquery-ui-1.9.2.custom.css HTTP/1.1" 200 32739
::1 - - [20/Jan/2020:19:58:50 +0100] "GET /phpmyadmin/themes/dot.gif HTTP/1.1" 200 43
::1 - - [20/Jan/2020:19:58:50 +0100] "GET /phpmyadmin/themes/pmahomme/img/logo_right.png HTTP/1.1" 200 4548
::1 - - [20/Jan/2020:19:58:50 +0100] "GET /phpmyadmin/js/get_scripts.js.php?scripts[]=jquery/jquery-1.8.3.js&scripts[]=ajax.js&scripts[]=keyhandler.js&scripts[]=jquery/jquery-ui-1.9.2.custom.js&scripts[]=jquery/jquery.sprintf.js&scripts[]=jquery/jquery.cookie.js&scripts[]=jquery/jquery.mousewheel.js&scripts[]=jquery/jquery.event.drag-2.2.js&scripts[]=jquery/jquery-ui-timepicker-addon.js&scripts[]=jquery/jquery.ba-hashchange-1.3.js&scripts[]=jquery/jquery.debounce-1.0.5.js&scripts[]=jquery/jquery.menuResizer-1.0.js&scripts[]=rte.js&scripts[]=functions.js&scripts[]=navigation.js&scripts[]=indexes.js&scripts[]=common.js&scripts[]=codemirror/lib/codemirror.js&scripts[]=codemirror/mode/mysql/mysql.js HTTP/1.1" 200 578621
::1 - - [20/Jan/2020:19:58:50 +0100] "GET /phpmyadmin/index.php?token=fa739e5710d883859806125fa6b94cd1 HTTP/1.1" 200 8211
::1 - - [20/Jan/2020:19:58:50 +0100] "GET /phpmyadmin/js/get_image.js.php?theme=pmahomme HTTP/1.1" 200 6364
::1 - - [20/Jan/2020:19:58:50 +0100] "GET /phpmyadmin/js/messages.php?lang=es&db=&server=0&token=fa739e5710d883859806125fa6b94cd1 HTTP/1.1" 200 18338
::1 - - [20/Jan/2020:19:58:50 +0100] "GET /phpmyadmin/phpmyadmin.css.php?server=1&token=fa739e5710d883859806125fa6b94cd1&nocache=4736041107ltr HTTP/1.1" 200 92653
::1 - - [20/Jan/2020:19:58:51 +0100] "GET /phpmyadmin/tbl_create.php?db=chalenele&table=wiki&server=1&target=&token=fa739e5710d883859806125fa6b94cd1 HTTP/1.1" 200 8325
::1 - - [20/Jan/2020:19:58:51 +0100] "GET /phpmyadmin/js/messages.php?lang=es&db=chalenele&token=fa739e5710d883859806125fa6b94cd1 HTTP/1.1" 200 18338
::1 - - [20/Jan/2020:19:58:53 +0100] "POST /phpmyadmin/index.php HTTP/1.1" 302 -
::1 - - [20/Jan/2020:19:58:53 +0100] "GET /phpmyadmin/index.php?db=chalenele&table=wiki&target=tbl_create.php&token=fa739e5710d883859806125fa6b94cd1 HTTP/1.1" 200 188757
::1 - - [20/Jan/2020:19:58:53 +0100] "GET /phpmyadmin/js/messages.php?lang=es&db=chalenele&server=0&token=fa739e5710d883859806125fa6b94cd1 HTTP/1.1" 200 18338
::1 - - [20/Jan/2020:19:58:53 +0100] "GET /phpmyadmin/index.php?ajax_request=1&recent_table=1&token=fa739e5710d883859806125fa6b94cd1 HTTP/1.1" 200 213
::1 - - [20/Jan/2020:19:59:01 +0100] "POST /phpmyadmin/tbl_create.php HTTP/1.1" 200 158848
::1 - - [20/Jan/2020:20:00:30 +0100] "POST /phpmyadmin/tbl_create.php HTTP/1.1" 200 8934
::1 - - [20/Jan/2020:20:00:30 +0100] "GET /phpmyadmin/db_structure.php?server=0&token=fa739e5710d883859806125fa6b94cd1&server=0&db=chalenele&table=wiki&ajax_request=true&ajax_page_request=true&_nocache=1579546830930859776 HTTP/1.1" 200 24324
::1 - - [20/Jan/2020:20:00:30 +0100] "POST /phpmyadmin/navigation.php?ajax_request=1&token=fa739e5710d883859806125fa6b94cd1 HTTP/1.1" 200 689
::1 - - [20/Jan/2020:20:00:31 +0100] "GET /phpmyadmin/index.php?ajax_request=1&recent_table=1&token=fa739e5710d883859806125fa6b94cd1 HTTP/1.1" 200 213
::1 - - [20/Jan/2020:20:00:34 +0100] "GET /phpmyadmin/sql.php?db=chalenele&token=fa739e5710d883859806125fa6b94cd1&goto=db_structure.php&table=wiki&pos=0&ajax_request=true&ajax_page_request=true&menuHashes=fb3e2bf3&_nocache=1579546834021288557 HTTP/1.1" 200 10312
::1 - - [20/Jan/2020:20:00:34 +0100] "GET /phpmyadmin/js/get_scripts.js.php?scripts[]=tbl_structure.js&scripts[]=gis_data_editor.js HTTP/1.1" 200 15188
::1 - - [20/Jan/2020:20:00:34 +0100] "GET /phpmyadmin/index.php?ajax_request=1&recent_table=1&token=fa739e5710d883859806125fa6b94cd1 HTTP/1.1" 200 213
::1 - - [20/Jan/2020:20:00:36 +0100] "GET /phpmyadmin/tbl_change.php?db=chalenele&table=wiki&token=fa739e5710d883859806125fa6b94cd1&ajax_request=true&ajax_page_request=true&menuHashes=fb3e2bf3-8fb47cf7&_nocache=1579546836094925128 HTTP/1.1" 200 30948
::1 - - [20/Jan/2020:20:00:36 +0100] "GET /phpmyadmin/index.php?ajax_request=1&recent_table=1&token=fa739e5710d883859806125fa6b94cd1 HTTP/1.1" 200 213
::1 - - [20/Jan/2020:20:01:52 +0100] "GET /phpmyadmin/js/get_scripts.js.php?scripts[]=jquery/jquery-1.8.3.js&scripts[]=ajax.js&scripts[]=keyhandler.js&scripts[]=jquery/jquery-ui-1.9.2.custom.js&scripts[]=jquery/jquery.sprintf.js&scripts[]=jquery/jquery.cookie.js&scripts[]=jquery/jquery.mousewheel.js&scripts[]=jquery/jquery.event.drag-2.2.js&scripts[]=jquery/jquery-ui-timepicker-addon.js&scripts[]=jquery/jquery.ba-hashchange-1.3.js&scripts[]=jquery/jquery.debounce-1.0.5.js&scripts[]=jquery/jquery.menuResizer-1.0.js&scripts[]=rte.js&scripts[]=functions.js&scripts[]=navigation.js&scripts[]=indexes.js&scripts[]=common.js&scripts[]=makegrid.js&scripts[]=sql.js&scripts[]=gis_data_editor.js&scripts[]=tbl_change.js&scripts[]=codemirror/lib/codemirror.js&scripts[]=codemirror/mode/mysql/mysql.js HTTP/1.1" 200 628427
::1 - - [20/Jan/2020:20:01:51 +0100] "POST /phpmyadmin/tbl_replace.php HTTP/1.1" 200 1272520
::1 - - [20/Jan/2020:20:01:52 +0100] "GET /phpmyadmin/index.php?ajax_request=1&recent_table=1&token=fa739e5710d883859806125fa6b94cd1 HTTP/1.1" 200 213
::1 - - [20/Jan/2020:20:02:29 +0100] "POST /phpmyadmin/import.php HTTP/1.1" 200 185
::1 - - [20/Jan/2020:20:02:37 +0100] "GET /phpmyadmin/sql.php?db=chalenele&table=wiki&token=fa739e5710d883859806125fa6b94cd1&pos=0&ajax_request=true&ajax_page_request=true&_nocache=1579546957779951343 HTTP/1.1" 200 20508
::1 - - [20/Jan/2020:20:02:37 +0100] "GET /phpmyadmin/themes/pmahomme/img/s_fulltext.png HTTP/1.1" 200 193
::1 - - [20/Jan/2020:20:02:37 +0100] "GET /phpmyadmin/js/get_scripts.js.php?scripts[]=tbl_structure.js HTTP/1.1" 200 7496
::1 - - [20/Jan/2020:20:02:38 +0100] "GET /phpmyadmin/themes/pmahomme/img/col_pointer.png HTTP/1.1" 200 113
::1 - - [20/Jan/2020:20:02:38 +0100] "GET /phpmyadmin/themes/pmahomme/img/col_drop.png HTTP/1.1" 200 132
::1 - - [20/Jan/2020:20:02:37 +0100] "GET /phpmyadmin/index.php?ajax_request=1&recent_table=1&token=fa739e5710d883859806125fa6b94cd1 HTTP/1.1" 200 213
